<?xml version="1.0" encoding="UTF-8"?>
<!-- Generated by org.testng.reporters.JUnitXMLReporter -->
<testsuite ignored="0" hostname="DESKTOP-28VTIPB" failures="0" tests="3" name="Annotation Order Test" time="0.136" errors="0" timestamp="2026-07-12T15:10:16 IST">
  <testcase classname="testing.AnnotationOrderTest" name="testRegister" time="0.011"/>
  <testcase classname="testing.AnnotationOrderTest" name="testLogin" time="0.003"/>
  <testcase classname="testing.AnnotationOrderTest" name="testLogout" time="0.004"/>
</testsuite> <!-- Annotation Order Test -->
