<?xml version="1.0" encoding="UTF-8"?>
<!-- Generated by org.testng.reporters.JUnitXMLReporter -->
<testsuite ignored="0" hostname="DESKTOP-28VTIPB" failures="0" tests="6" name="Classess in Parallel" time="38.053" errors="0" timestamp="2026-07-14T22:32:41 IST">
  <testcase classname="testing.ParallelTestingMethods" name="launchChromeBrowser" time="6.622"/>
  <testcase classname="testing.ParallelTestingMethods" name="verifyURL" time="6.751"/>
  <testcase classname="testing.ParallelTestingTests" name="launchFirefoxBrowser" time="15.447"/>
  <testcase classname="testing.ParallelTestingMethods" name="verifyTitle" time="6.722"/>
  <testcase classname="testing.ParallelTestingTests" name="verifyURL" time="11.233"/>
  <testcase classname="testing.ParallelTestingTests" name="verifyTitle" time="11.278"/>
</testsuite> <!-- Classess in Parallel -->
