<?xml version="1.0" encoding="UTF-8"?>
<!-- Generated by org.testng.reporters.JUnitXMLReporter -->
<testsuite ignored="0" hostname="DESKTOP-28VTIPB" failures="1" tests="1" name="DataProvider Tests" time="0.098" errors="0" timestamp="2026-07-16T08:40:57 IST">
  <testcase classname="testing.DataProviderExample" name="launchBrowser" time="0.029">
    <failure type="org.testng.internal.reflect.MethodMatcherException" message="
[public void testing.DataProviderExample.launchBrowser(java.lang.String,java.lang.String,java.lang.String)] has no parameters defined but was found to be using a data provider (either explicitly specified or inherited from class level annotation).
Data provider mismatch
Method: launchBrowser([java.lang.String arg0, java.lang.String arg1, java.lang.String arg2])
Arguments: [(java.lang.String) ValidUsername,(java.lang.String) ValidPassword]">
      <![CDATA[org.testng.internal.reflect.MethodMatcherException: 
[public void testing.DataProviderExample.launchBrowser(java.lang.String,java.lang.String,java.lang.String)] has no parameters defined but was found to be using a data provider (either explicitly specified or inherited from class level annotation).
Data provider mismatch
Method: launchBrowser([java.lang.String arg0, java.lang.String arg1, java.lang.String arg2])
Arguments: [(java.lang.String) ValidUsername,(java.lang.String) ValidPassword]
at java.base/java.util.ArrayList.forEach(ArrayList.java:1596)
... Removed 22 stack frames]]>
    </failure>
  </testcase> <!-- launchBrowser -->
</testsuite> <!-- DataProvider Tests -->
