<?xml version="1.0" encoding="UTF-8"?>
<!-- Generated by org.testng.reporters.JUnitXMLReporter -->
<testsuite ignored="0" hostname="DESKTOP-28VTIPB" failures="1" tests="2" name="dependsOnMethods Test" time="0.121" errors="0" timestamp="2026-07-15T11:21:21 IST">
  <testcase classname="testing.LoginLogoutTest" name="testToLoginWithValidCredentials" time="0.031">
    <failure type="java.lang.AssertionError" message="testToLoginWithValidCredentials failed expected [true] but found [false]">
      <![CDATA[java.lang.AssertionError: testToLoginWithValidCredentials failed expected [true] but found [false]
at testing.LoginLogoutTest.testToLoginWithValidCredentials(LoginLogoutTest.java:10)
at java.base/java.util.ArrayList.forEach(ArrayList.java:1596)
... Removed 28 stack frames]]>
    </failure>
  </testcase> <!-- testToLoginWithValidCredentials -->
  <testcase classname="testing.LoginLogoutTest" name="testToLogoutFromApplication" time="0.0">
    <skipped/>
  </testcase> <!-- testToLogoutFromApplication -->
</testsuite> <!-- dependsOnMethods Test -->
