<?xml version="1.0" encoding="UTF-8"?>
<!-- Generated by org.testng.reporters.JUnitXMLReporter -->
<testsuite ignored="1" hostname="DESKTOP-28VTIPB" failures="0" tests="3" name="enabled property Test" time="0.109" errors="0" timestamp="2026-07-12T18:00:06 IST">
  <testcase classname="testing.RegisterTest" name="testToRegisterWithValidCredentials" time="0.015"/>
  <testcase classname="testing.RegisterTest" name="testToRegisterWithInvalidCredentials" time="0.004"/>
  <testcase classname="testing.RegisterTest" name="testToRegisterWithBlankCredentials" time="0.005"/>
  <testcase classname="testing.RegisterTest" name="testToRegisterWithExistingCredentials" time="0.0">
    <ignored/>
  </testcase> <!-- testToRegisterWithExistingCredentials -->
</testsuite> <!-- enabled property Test -->
