<?xml version="1.0" encoding="UTF-8"?>
<!-- Generated by org.testng.reporters.JUnitXMLReporter -->
<testsuite ignored="2" hostname="DESKTOP-28VTIPB" failures="0" tests="2" name="exclude property Test" time="0.101" errors="0" timestamp="2026-07-12T18:17:23 IST">
  <testcase classname="testing.RegisterTest" name="testToRegisterWithValidCredentials" time="0.023"/>
  <testcase classname="testing.RegisterTest" name="testToRegisterWithInvalidCredentials" time="0.005"/>
  <testcase classname="testing.RegisterTest" name="testToRegisterWithBlankCredentials" time="0.0">
    <ignored/>
  </testcase> <!-- testToRegisterWithBlankCredentials -->
  <testcase classname="testing.RegisterTest" name="testToRegisterWithExistingCredentials" time="0.0">
    <ignored/>
  </testcase> <!-- testToRegisterWithExistingCredentials -->
</testsuite> <!-- exclude property Test -->
