<?xml version="1.0" encoding="UTF-8"?>
<!-- Generated by org.testng.reporters.JUnitXMLReporter -->
<testsuite ignored="3" hostname="DESKTOP-28VTIPB" failures="0" tests="1" name="groups include Test" time="0.09" errors="0" timestamp="2026-07-12T18:21:21 IST">
  <testcase classname="testing.LoginTest" name="testLoginWithValidCredentials" time="0.02"/>
  <testcase classname="testing.LoginTest" name="testLoginWithBlankCredentials" time="0.0">
    <ignored/>
  </testcase> <!-- testLoginWithBlankCredentials -->
  <testcase classname="testing.LoginTest" name="testLoginWithLockedCredentials" time="0.0">
    <ignored/>
  </testcase> <!-- testLoginWithLockedCredentials -->
  <testcase classname="testing.LoginTest" name="testLoginWithInvalidCredentials" time="0.0">
    <ignored/>
  </testcase> <!-- testLoginWithInvalidCredentials -->
</testsuite> <!-- groups include Test -->
