<?xml version="1.0" encoding="UTF-8"?>
<!-- Generated by org.testng.reporters.JUnitXMLReporter -->
<testsuite ignored="1" hostname="DESKTOP-28VTIPB" failures="0" tests="3" name="groups exclude Test" time="0.116" errors="0" timestamp="2026-07-12T18:23:00 IST">
  <testcase classname="testing.LoginTest" name="testLoginWithInvalidCredentials" time="0.017"/>
  <testcase classname="testing.LoginTest" name="testLoginWithBlankCredentials" time="0.004"/>
  <testcase classname="testing.LoginTest" name="testLoginWithLockedCredentials" time="0.003"/>
  <testcase classname="testing.LoginTest" name="testLoginWithValidCredentials" time="0.0">
    <ignored/>
  </testcase> <!-- testLoginWithValidCredentials -->
</testsuite> <!-- groups exclude Test -->
