<?xml version="1.0" encoding="UTF-8"?>
<!-- Generated by org.testng.reporters.JUnitXMLReporter -->
<testsuite ignored="1" hostname="DESKTOP-28VTIPB" failures="1" tests="2" name="HardAssertions Test" time="0.118" errors="0" timestamp="2026-07-12T18:51:37 IST">
  <testcase classname="testing.LogoutTest" name="testToLoginWithValidCredentials" time="0.02"/>
  <testcase classname="testing.LogoutTest" name="testToLogoutFromApplication_HardAssertion" time="0.021">
    <failure type="java.lang.AssertionError" message="Home page title mismatch. expected [Home page] but found [HomePage]">
      <![CDATA[java.lang.AssertionError: Home page title mismatch. expected [Home page] but found [HomePage]
at testing.LogoutTest.testToLogoutFromApplication_HardAssertion(LogoutTest.java:36)
at java.base/java.util.ArrayList.forEach(ArrayList.java:1596)
... Removed 30 stack frames]]>
    </failure>
  </testcase> <!-- testToLogoutFromApplication_HardAssertion -->
  <testcase classname="testing.LogoutTest" name="testToLogoutFromApplication_SoftAssertion" time="0.0">
    <ignored/>
  </testcase> <!-- testToLogoutFromApplication_SoftAssertion -->
</testsuite> <!-- HardAssertions Test -->
