<?xml version="1.0" encoding="UTF-8"?>
<!-- Generated by org.testng.reporters.JUnitXMLReporter -->
<testsuite ignored="0" hostname="DESKTOP-28VTIPB" failures="0" tests="6" name="invocationCount Test" time="0.135" errors="0" timestamp="2026-07-12T18:06:39 IST">
  <testcase classname="testing.ProductsTest" name="testToVerifyProductName" time="0.016"/>
  <testcase classname="testing.ProductsTest" name="testToVerifyProductDescription" time="0.004"/>
  <testcase classname="testing.ProductsTest" name="testToVerifyProductPrice" time="0.006"/>
  <testcase classname="testing.ProductsTest" name="testToVerifyProductCount" time="0.004"/>
  <testcase classname="testing.ProductsTest" name="testToVerifyProductCount" time="0.005"/>
  <testcase classname="testing.ProductsTest" name="testToVerifyProductCount" time="0.003"/>
</testsuite> <!-- invocationCount Test -->
