<?xml version="1.0" encoding="UTF-8"?>
<!-- Generated by org.testng.reporters.JUnitXMLReporter -->
<testsuite ignored="0" hostname="DESKTOP-28VTIPB" failures="0" tests="4" name="priority Test" time="0.155" errors="0" timestamp="2026-07-15T11:01:38 IST">
  <testcase classname="testing.LoginTest" name="testLoginWithValidCredentials" time="0.021"/>
  <testcase classname="testing.LoginTest" name="testLoginWithInvalidCredentials" time="0.002"/>
  <testcase classname="testing.LoginTest" name="testLoginWithBlankCredentials" time="0.006"/>
  <testcase classname="testing.LoginTest" name="testLoginWithLockedCredentials" time="0.003"/>
</testsuite> <!-- priority Test -->
