<?xml version="1.0" encoding="UTF-8"?>
<!-- Generated by org.testng.reporters.JUnitXMLReporter -->
<testsuite ignored="0" hostname="DESKTOP-28VTIPB" failures="0" tests="3" name="Running Methods in Parallel" time="7.222" errors="0" timestamp="2026-07-14T22:18:28 IST">
  <testcase classname="testing.ParallelTestingMethods" name="launchChromeBrowser" time="7.052"/>
  <testcase classname="testing.ParallelTestingMethods" name="verifyURL" time="7.086"/>
  <testcase classname="testing.ParallelTestingMethods" name="verifyTitle" time="7.136"/>
</testsuite> <!-- Running Methods in Parallel -->
