<?xml version="1.0" encoding="UTF-8"?>
<!-- Generated by org.testng.reporters.JUnitXMLReporter -->
<testsuite ignored="1" hostname="DESKTOP-28VTIPB" failures="1" tests="2" name="SoftAssertions Test" time="0.125" errors="0" timestamp="2026-07-15T12:06:46 IST">
  <testcase classname="testing.LogoutTest" name="testToLoginWithValidCredentials" time="0.019"/>
  <testcase classname="testing.LogoutTest" name="testToLogoutFromApplication_SoftAssertion" time="0.029">
    <failure type="java.lang.AssertionError" message="Executed all soft asserts.
	Home page title mismatch. expected [Home page] but found [HomePage]">
      <![CDATA[java.lang.AssertionError: Executed all soft asserts.
Home page title mismatch. expected [Home page] but found [HomePage]
at testing.LogoutTest.testToLogoutFromApplication_SoftAssertion(LogoutTest.java:27)
at java.base/java.util.ArrayList.forEach(ArrayList.java:1596)
... Removed 26 stack frames]]>
    </failure>
  </testcase> <!-- testToLogoutFromApplication_SoftAssertion -->
  <testcase classname="testing.LogoutTest" name="testToLogoutFromApplication_HardAssertion" time="0.0">
    <ignored/>
  </testcase> <!-- testToLogoutFromApplication_HardAssertion -->
</testsuite> <!-- SoftAssertions Test -->
