<?xml version="1.0" encoding="UTF-8"?>
<!-- Generated by org.testng.reporters.JUnitXMLReporter -->
<testsuite ignored="0" hostname="DESKTOP-28VTIPB" failures="1" tests="4" name="timeout Test" time="4.173" errors="0" timestamp="2026-07-12T19:00:32 IST">
  <testcase classname="testing.SearchProductTest" name="testToSearchProductWithExistingProduct" time="0.022"/>
  <testcase classname="testing.SearchProductTest" name="testToSearchProductWithNonExistingProduct" time="0.005"/>
  <testcase classname="testing.SearchProductTest" name="testToSearchProductWithBlankProductName" time="0.006"/>
  <testcase classname="testing.SearchProductTest" name="testToSearchProductWithInvalidProductName" time="4.025">
    <failure type="org.testng.internal.thread.ThreadTimeoutException" message="Method testing.SearchProductTest.testToSearchProductWithInvalidProductName() didn&amp;apos;t finish within the time-out 4000">
      <![CDATA[org.testng.internal.thread.ThreadTimeoutException: Method testing.SearchProductTest.testToSearchProductWithInvalidProductName() didn't finish within the time-out 4000
at java.base/java.lang.Thread.sleep0(Native Method)
at java.base/java.lang.Thread.sleep(Thread.java:509)
at testing.SearchProductTest.testToSearchProductWithInvalidProductName(SearchProductTest.java:29)
at java.base/java.util.concurrent.FutureTask.run(FutureTask.java:317)
at java.base/java.util.concurrent.ThreadPoolExecutor.runWorker(ThreadPoolExecutor.java:1144)
at java.base/java.util.concurrent.ThreadPoolExecutor$Worker.run(ThreadPoolExecutor.java:642)
at java.base/java.lang.Thread.run(Thread.java:1583)
... Removed 6 stack frames]]>
    </failure>
  </testcase> <!-- testToSearchProductWithInvalidProductName -->
</testsuite> <!-- timeout Test -->
