<?xml version="1.0" encoding="UTF-8"?>
<!-- Generated by org.testng.reporters.JUnitXMLReporter -->
<testsuite ignored="1" hostname="DESKTOP-28VTIPB" failures="0" tests="3" name="Default test" time="1.729" errors="0" timestamp="2026-07-17T09:43:49 IST">
  <testcase classname="testing.DataProviderExample" name="verifyMessage" time="0.034"/>
  <testcase classname="testing.DataProviderExample" name="verifyMessage" time="0.013"/>
  <testcase classname="testing.DataProviderExample" name="verifyMessage" time="0.003"/>
  <testcase classname="testing.DataProviderExample" name="doLogin" time="0.0">
    <ignored/>
  </testcase> <!-- doLogin -->
</testsuite> <!-- Default test -->
