<?xml version="1.0" encoding="UTF-8"?>
<testng-results ignored="2" total="4" passed="2" failed="0" skipped="0">
  <reporter-output>
  </reporter-output>
  <suite started-at="2026-07-12T18:13:03 IST" name="TestNG Test Suite" finished-at="2026-07-12T18:13:03 IST" duration-ms="103">
    <groups>
      <group name="Regression">
        <method signature="LoginTest.testLoginWithValidCredentials()[pri:1, instance:testing.LoginTest@313ac989]" name="testLoginWithValidCredentials" class="testing.LoginTest"/>
        <method signature="LoginTest.testLoginWithInvalidCredentials()[pri:2, instance:testing.LoginTest@313ac989]" name="testLoginWithInvalidCredentials" class="testing.LoginTest"/>
      </group> <!-- Regression -->
      <group name="Smoke">
        <method signature="LoginTest.testLoginWithValidCredentials()[pri:1, instance:testing.LoginTest@313ac989]" name="testLoginWithValidCredentials" class="testing.LoginTest"/>
      </group> <!-- Smoke -->
    </groups>
    <test started-at="2026-07-12T18:13:03 IST" name="include method test" finished-at="2026-07-12T18:13:03 IST" duration-ms="103">
      <class name="testing.LoginTest">
        <test-method signature="testLoginWithValidCredentials()[pri:1, instance:testing.LoginTest@313ac989]" started-at="2026-07-12T18:13:03 IST" name="testLoginWithValidCredentials" description="Test Login With Valid Credentials" finished-at="2026-07-12T18:13:03 IST" duration-ms="17" status="PASS">
          <reporter-output>
          </reporter-output>
        </test-method> <!-- testLoginWithValidCredentials -->
        <test-method signature="testLoginWithInvalidCredentials()[pri:2, instance:testing.LoginTest@313ac989]" started-at="2026-07-12T18:13:03 IST" name="testLoginWithInvalidCredentials" description="Test Login With invalid Credentials" finished-at="2026-07-12T18:13:03 IST" duration-ms="3" status="PASS">
          <reporter-output>
          </reporter-output>
        </test-method> <!-- testLoginWithInvalidCredentials -->
      </class> <!-- testing.LoginTest -->
    </test> <!-- include method test -->
  </suite> <!-- TestNG Test Suite -->
</testng-results>
