<?xml version="1.0" encoding="UTF-8"?>
<!-- Generated by org.testng.reporters.JUnitReportReporter -->
<testsuite hostname="DESKTOP-28VTIPB" failures="0" tests="4" name="testing.LoginTest" time="0.057" errors="0" timestamp="2026-07-12T15:07:03 IST" skipped="0">
  <testcase classname="testing.LoginTest" name="testLoginWithValidCredentials" time="0.025"/>
  <testcase classname="testing.LoginTest" name="testLoginWithInvalidCredentials" time="0.015"/>
  <testcase classname="testing.LoginTest" name="testLoginWithBlankCredentials" time="0.009"/>
  <testcase classname="testing.LoginTest" name="testLoginWithLockedCredentials" time="0.008"/>
</testsuite> <!-- testing.LoginTest -->
