<?xml version="1.0" encoding="UTF-8"?>
<!-- Generated by org.testng.reporters.JUnitReportReporter -->
<testsuite hostname="DESKTOP-28VTIPB" failures="0" tests="3" name="testing.ParallelTestingTests" time="37.958" errors="0" timestamp="2026-07-14T22:32:41 IST" skipped="0">
  <testcase classname="testing.ParallelTestingTests" name="launchFirefoxBrowser" time="15.447"/>
  <testcase classname="testing.ParallelTestingTests" name="verifyURL" time="11.233"/>
  <testcase classname="testing.ParallelTestingTests" name="verifyTitle" time="11.278"/>
</testsuite> <!-- testing.ParallelTestingTests -->
