<?xml version="1.0" encoding="UTF-8"?>
<!-- Generated by org.testng.reporters.JUnitReportReporter -->
<testsuite hostname="DESKTOP-28VTIPB" failures="0" tests="8" name="testing.LoginTest" time="0.074" errors="0" timestamp="2026-07-14T21:19:02 IST" skipped="0">
  <testcase classname="testing.LoginTest" name="testLoginWithValidCredentials" time="0.033"/>
  <testcase classname="testing.LoginTest" name="testLoginWithValidCredentials" time="0.004"/>
  <testcase classname="testing.LoginTest" name="testLoginWithInvalidCredentials" time="0.015"/>
  <testcase classname="testing.LoginTest" name="testLoginWithInvalidCredentials" time="0.003"/>
  <testcase classname="testing.LoginTest" name="testLoginWithBlankCredentials" time="0.005"/>
  <testcase classname="testing.LoginTest" name="testLoginWithBlankCredentials" time="0.003"/>
  <testcase classname="testing.LoginTest" name="testLoginWithLockedCredentials" time="0.009"/>
  <testcase classname="testing.LoginTest" name="testLoginWithLockedCredentials" time="0.002"/>
</testsuite> <!-- testing.LoginTest -->
