<?xml version="1.0" encoding="UTF-8"?>
<!-- Generated by org.testng.reporters.JUnitReportReporter -->
<testsuite hostname="DESKTOP-28VTIPB" failures="0" tests="3" name="testing.AnnotationOrderTest" time="0.028" errors="0" timestamp="2026-07-12T15:10:17 IST" skipped="0">
  <testcase classname="testing.AnnotationOrderTest" name="testRegister" time="0.013"/>
  <testcase classname="testing.AnnotationOrderTest" name="testLogin" time="0.007"/>
  <testcase classname="testing.AnnotationOrderTest" name="testLogout" time="0.008"/>
</testsuite> <!-- testing.AnnotationOrderTest -->
