<?xml version="1.0" encoding="UTF-8"?>
<!-- Generated by org.testng.reporters.JUnitReportReporter -->
<testsuite hostname="DESKTOP-28VTIPB" failures="0" tests="3" name="testing.ParallelTesting" time="31.845" errors="0" timestamp="2026-07-14T22:05:27 IST" skipped="0">
  <testcase classname="testing.ParallelTesting" name="launchBrowser" time="10.359"/>
  <testcase classname="testing.ParallelTesting" name="verifyURL" time="10.790"/>
  <testcase classname="testing.ParallelTesting" name="verifyTitle" time="10.696"/>
</testsuite> <!-- testing.ParallelTesting -->
