<?xml version="1.0" encoding="UTF-8"?>
<!-- Generated by org.testng.reporters.JUnitReportReporter -->
<testsuite hostname="DESKTOP-28VTIPB" failures="0" tests="4" name="testing.RegisterTest" time="0.024" errors="0" timestamp="2026-07-12T18:00:07 IST" skipped="1">
  <testcase classname="testing.RegisterTest" name="testToRegisterWithValidCredentials" time="0.015"/>
  <testcase classname="testing.RegisterTest" name="testToRegisterWithInvalidCredentials" time="0.004"/>
  <testcase classname="testing.RegisterTest" name="testToRegisterWithBlankCredentials" time="0.005"/>
  <testcase classname="testing.RegisterTest" name="testToRegisterWithExistingCredentials">
    <skipped/>
  </testcase> <!-- testToRegisterWithExistingCredentials -->
</testsuite> <!-- testing.RegisterTest -->
