<?xml version="1.0" encoding="UTF-8"?>
<!-- Generated by org.testng.reporters.JUnitReportReporter -->
<testsuite hostname="DESKTOP-28VTIPB" failures="0" tests="6" name="testing.ProductsTest" time="0.038" errors="0" timestamp="2026-07-12T18:06:39 IST" skipped="0">
  <testcase classname="testing.ProductsTest" name="testToVerifyProductName" time="0.016"/>
  <testcase classname="testing.ProductsTest" name="testToVerifyProductDescription" time="0.004"/>
  <testcase classname="testing.ProductsTest" name="testToVerifyProductPrice" time="0.006"/>
  <testcase classname="testing.ProductsTest" name="testToVerifyProductCount" time="0.003"/>
  <testcase classname="testing.ProductsTest" name="testToVerifyProductCount" time="0.004"/>
  <testcase classname="testing.ProductsTest" name="testToVerifyProductCount" time="0.005"/>
</testsuite> <!-- testing.ProductsTest -->
