<?xml version="1.0" encoding="UTF-8"?>
<!-- Generated by org.testng.reporters.JUnitReportReporter -->
<testsuite hostname="DESKTOP-28VTIPB" failures="0" tests="3" name="testing.DataProviderExample" time="0.050" errors="0" timestamp="2026-07-17T09:43:49 IST" skipped="0">
  <testcase classname="testing.DataProviderExample" name="verifyMessage" time="0.013"/>
  <testcase classname="testing.DataProviderExample" name="verifyMessage" time="0.003"/>
  <testcase classname="testing.DataProviderExample" name="verifyMessage" time="0.034"/>
</testsuite> <!-- testing.DataProviderExample -->
