<?xml version="1.0" encoding="UTF-8"?>
<!-- Generated by org.testng.reporters.JUnitReportReporter -->
<testsuite hostname="DESKTOP-28VTIPB" failures="0" tests="3" name="testing.ParameterExample" time="0.032" errors="0" timestamp="2026-07-14T23:59:00 IST" skipped="0">
  <testcase classname="testing.ParameterExample" name="launchBrowser" time="0.007"/>
  <testcase classname="testing.ParameterExample" name="launchBrowser" time="0.003"/>
  <testcase classname="testing.ParameterExample" name="launchBrowser" time="0.022"/>
</testsuite> <!-- testing.ParameterExample -->
