<?xml version="1.0" encoding="UTF-8"?>
<!-- Generated by org.testng.reporters.JUnitReportReporter -->
<testsuite hostname="DESKTOP-28VTIPB" failures="0" tests="3" name="testing.ParallelTestingMethods" time="20.095" errors="0" timestamp="2026-07-14T22:32:41 IST" skipped="0">
  <testcase classname="testing.ParallelTestingMethods" name="launchChromeBrowser" time="6.622"/>
  <testcase classname="testing.ParallelTestingMethods" name="verifyURL" time="6.751"/>
  <testcase classname="testing.ParallelTestingMethods" name="verifyTitle" time="6.722"/>
</testsuite> <!-- testing.ParallelTestingMethods -->
