<?xml version="1.0" encoding="UTF-8"?>
<!-- Generated by org.testng.reporters.JUnitReportReporter -->
<testsuite hostname="DESKTOP-28VTIPB" failures="0" tests="4" name="testing.SearchProductTest" time="4.058" errors="1" timestamp="2026-07-12T19:00:33 IST" skipped="0">
  <testcase classname="testing.SearchProductTest" name="testToSearchProductWithExistingProduct" time="0.022"/>
  <testcase classname="testing.SearchProductTest" name="testToSearchProductWithNonExistingProduct" time="0.005"/>
  <testcase classname="testing.SearchProductTest" name="testToSearchProductWithBlankProductName" time="0.006"/>
  <testcase classname="testing.SearchProductTest" name="testToSearchProductWithInvalidProductName" time="4.025">
    <error message="Method testing.SearchProductTest.testToSearchProductWithInvalidProductName() didn&#039;t finish within the time-out 4000" type="org.testng.internal.thread.ThreadTimeoutException">
      <![CDATA[org.testng.internal.thread.ThreadTimeoutException: Method testing.SearchProductTest.testToSearchProductWithInvalidProductName() didn't finish within the time-out 4000
at java.base/java.lang.Thread.sleep0(Native Method)
at java.base/java.lang.Thread.sleep(Thread.java:509)
at testing.SearchProductTest.testToSearchProductWithInvalidProductName(SearchProductTest.java:29)
at java.base/jdk.internal.reflect.DirectMethodHandleAccessor.invoke(DirectMethodHandleAccessor.java:103)
at java.base/java.lang.reflect.Method.invoke(Method.java:580)
at org.testng.internal.invokers.MethodInvocationHelper.invokeMethod(MethodInvocationHelper.java:141)
at org.testng.internal.invokers.InvokeMethodRunnable.runOne(InvokeMethodRunnable.java:47)
at org.testng.internal.invokers.InvokeMethodRunnable.call(InvokeMethodRunnable.java:76)
at org.testng.internal.invokers.InvokeMethodRunnable.call(InvokeMethodRunnable.java:11)
at java.base/java.util.concurrent.FutureTask.run(FutureTask.java:317)
at java.base/java.util.concurrent.ThreadPoolExecutor.runWorker(ThreadPoolExecutor.java:1144)
at java.base/java.util.concurrent.ThreadPoolExecutor$Worker.run(ThreadPoolExecutor.java:642)
at java.base/java.lang.Thread.run(Thread.java:1583)
]]>
    </error>
  </testcase> <!-- testToSearchProductWithInvalidProductName -->
</testsuite> <!-- testing.SearchProductTest -->
